==13589== Memcheck, a memory error detector
==13589== Copyright (C) 2002-2024, and GNU GPL'd, by Julian Seward et al.
==13589== Using Valgrind-3.26.0 and LibVEX; rerun with -h for copyright info
==13589== Command: ./miniShell ./miniShell
==13589== 
[?2004hprompt> :[K;
[?2004lminishell: ;: command not found
==13593== 
==13593== HEAP SUMMARY:
==13593==     in use at exit: 241,080 bytes in 242 blocks
==13593==   total heap usage: 808 allocs, 566 frees, 272,564 bytes allocated
==13593== 
==13593== LEAK SUMMARY:
==13593==    definitely lost: 0 bytes in 0 blocks
==13593==    indirectly lost: 0 bytes in 0 blocks
==13593==      possibly lost: 0 bytes in 0 blocks
==13593==    still reachable: 0 bytes in 0 blocks
==13593==         suppressed: 241,080 bytes in 242 blocks
==13593== 
==13593== ERROR SUMMARY: 0 errors from 0 contexts (suppressed: 0 from 0)
--13593-- 
--13593-- used_suppression:     78 readline_reachable ./readline.supp:2 suppressed: 241,080 bytes in 242 blocks
==13593== 
==13593== ERROR SUMMARY: 0 errors from 0 contexts (suppressed: 0 from 0)
[?2004hprompt> $bla
[?2004lminishell: : Permission denied
==13706== 
==13706== HEAP SUMMARY:
==13706==     in use at exit: 241,121 bytes in 245 blocks
==13706==   total heap usage: 1,008 allocs, 763 frees, 279,896 bytes allocated
==13706== 
==13706== LEAK SUMMARY:
==13706==    definitely lost: 0 bytes in 0 blocks
==13706==    indirectly lost: 0 bytes in 0 blocks
==13706==      possibly lost: 0 bytes in 0 blocks
==13706==    still reachable: 0 bytes in 0 blocks
==13706==         suppressed: 241,121 bytes in 245 blocks
==13706== 
==13706== ERROR SUMMARY: 0 errors from 0 contexts (suppressed: 0 from 0)
--13706-- 
--13706-- used_suppression:     78 readline_reachable ./readline.supp:2 suppressed: 241,121 bytes in 245 blocks
==13706== 
==13706== ERROR SUMMARY: 0 errors from 0 contexts (suppressed: 0 from 0)
[?2004hprompt> $bla[K[K[KPATH
[?2004l==13709== Invalid free() / delete / delete[] / realloc()
==13709==    at 0x4856A3B: free (vg_replace_malloc.c:990)
==13709==    by 0x40040DD: ft_free_cmd_list (parser_free.c:42)
==13709==    by 0x400201C: clean_exit (exit.c:45)
==13709==    by 0x4002924: external_cmds (cmds_runer.c:34)
==13709==    by 0x4003330: child_process (pipeline_loop.c:39)
==13709==    by 0x40034F6: execute_pipeline (pipeline_loop.c:80)
==13709==    by 0x4004AEF: process_line (main_exec.c:47)
==13709==    by 0x4004BC2: main (main_exec.c:70)
==13709==  Address 0x4be86e0 is 0 bytes inside a block of size 198 free'd
==13709==    at 0x4856A3B: free (vg_replace_malloc.c:990)
==13709==    by 0x400290C: external_cmds (cmds_runer.c:32)
==13709==    by 0x4003330: child_process (pipeline_loop.c:39)
==13709==    by 0x40034F6: execute_pipeline (pipeline_loop.c:80)
==13709==    by 0x4004AEF: process_line (main_exec.c:47)
==13709==    by 0x4004BC2: main (main_exec.c:70)
==13709==  Block was alloc'd at
==13709==    at 0x48537C2: malloc (vg_replace_malloc.c:447)
==13709==    by 0x40054A3: ft_strjoin (in /home/slayer/Documents/miniShell/miniShell)
==13709==    by 0x4003A98: ft_append_str (expansion_utils.c:33)
==13709==    by 0x4003654: ft_handle_expansion (expansion.c:39)
==13709==    by 0x4003990: ft_expand_string (expansion_quotes.c:55)
==13709==    by 0x40036C7: ft_expand (expansion.c:56)
==13709==    by 0x4004AD7: process_line (main_exec.c:45)
==13709==    by 0x4004BC2: main (main_exec.c:70)
==13709== 
minishell: /usr/local/sbin:/usr/local/bin:/usr/bin:/home/slayer/.local/share/flatpak/exports/bin:/var/lib/flatpak/exports/bin:/usr/bin/site_perl:/usr/bin/vendor_perl:/usr/bin/core_perl:/var/lib/snapd/snap/bin: No such file or directory
==13709== 
==13709== HEAP SUMMARY:
==13709==     in use at exit: 241,177 bytes in 250 blocks
==13709==   total heap usage: 1,029 allocs, 780 frees, 280,230 bytes allocated
==13709== 
==13709== LEAK SUMMARY:
==13709==    definitely lost: 0 bytes in 0 blocks
==13709==    indirectly lost: 0 bytes in 0 blocks
==13709==      possibly lost: 0 bytes in 0 blocks
==13709==    still reachable: 0 bytes in 0 blocks
==13709==         suppressed: 241,177 bytes in 250 blocks
==13709== 
==13709== ERROR SUMMARY: 1 errors from 1 contexts (suppressed: 0 from 0)
==13709== 
==13709== 1 errors in context 1 of 1:
==13709== Invalid free() / delete / delete[] / realloc()
==13709==    at 0x4856A3B: free (vg_replace_malloc.c:990)
==13709==    by 0x40040DD: ft_free_cmd_list (parser_free.c:42)
==13709==    by 0x400201C: clean_exit (exit.c:45)
==13709==    by 0x4002924: external_cmds (cmds_runer.c:34)
==13709==    by 0x4003330: child_process (pipeline_loop.c:39)
==13709==    by 0x40034F6: execute_pipeline (pipeline_loop.c:80)
==13709==    by 0x4004AEF: process_line (main_exec.c:47)
==13709==    by 0x4004BC2: main (main_exec.c:70)
==13709==  Address 0x4be86e0 is 0 bytes inside a block of size 198 free'd
==13709==    at 0x4856A3B: free (vg_replace_malloc.c:990)
==13709==    by 0x400290C: external_cmds (cmds_runer.c:32)
==13709==    by 0x4003330: child_process (pipeline_loop.c:39)
==13709==    by 0x40034F6: execute_pipeline (pipeline_loop.c:80)
==13709==    by 0x4004AEF: process_line (main_exec.c:47)
==13709==    by 0x4004BC2: main (main_exec.c:70)
==13709==  Block was alloc'd at
==13709==    at 0x48537C2: malloc (vg_replace_malloc.c:447)
==13709==    by 0x40054A3: ft_strjoin (in /home/slayer/Documents/miniShell/miniShell)
==13709==    by 0x4003A98: ft_append_str (expansion_utils.c:33)
==13709==    by 0x4003654: ft_handle_expansion (expansion.c:39)
==13709==    by 0x4003990: ft_expand_string (expansion_quotes.c:55)
==13709==    by 0x40036C7: ft_expand (expansion.c:56)
==13709==    by 0x4004AD7: process_line (main_exec.c:45)
==13709==    by 0x4004BC2: main (main_exec.c:70)
==13709== 
--13709-- 
--13709-- used_suppression:     83 readline_reachable ./readline.supp:2 suppressed: 241,177 bytes in 250 blocks
==13709== 
==13709== ERROR SUMMARY: 1 errors from 1 contexts (suppressed: 0 from 0)
[?2004hprompt> clear
[?2004l[H[2J[3J[?2004hprompt> exit
[?2004l==13589== 
==13589== HEAP SUMMARY:
==13589==     in use at exit: 241,235 bytes in 254 blocks
==13589==   total heap usage: 877 allocs, 623 frees, 273,364 bytes allocated
==13589== 
==13589== LEAK SUMMARY:
==13589==    definitely lost: 0 bytes in 0 blocks
==13589==    indirectly lost: 0 bytes in 0 blocks
==13589==      possibly lost: 0 bytes in 0 blocks
==13589==    still reachable: 0 bytes in 0 blocks
==13589==         suppressed: 241,235 bytes in 254 blocks
==13589== 
==13589== ERROR SUMMARY: 0 errors from 0 contexts (suppressed: 0 from 0)
--13589-- 
--13589-- used_suppression:     81 readline_reachable ./readline.supp:2 suppressed: 241,235 bytes in 254 blocks
==13589== 
==13589== ERROR SUMMARY: 0 errors from 0 contexts (suppressed: 0 from 0)
